This is e-pTeX, Version 3.14159265-p3.8.2-190131-2.6 (utf8.euc) (TeX Live 2019/Arch Linux) (preloaded format=platex 2019.8.14)  18 AUG 2019 08:47
entering extended mode
 \write18 enabled.
 %&-line parsing enabled.
**report.tex
(/usr/share/texmf-dist/tex/latex/tools/q.tex
pLaTeX2e <2019-04-06> (based on LaTeX2e <2018-12-01>)
File ignored
)
! Emergency stop.
<*> report.tex
              
*** (job aborted, no legal \end found)

 
Here is how much of TeX's memory you used:
 6 strings out of 493230
 136 string characters out of 6149322
 61750 words of memory out of 5000000
 4089 multiletter control sequences out of 15000+600000
 7511 words of font info for 31 fonts, out of 8000000 for 9000
 929 hyphenation exceptions out of 8191
 5i,0n,3p,90b,8s stack positions out of 5000i,500n,10000p,200000b,80000s
No pages of output.
